<?xml version="1.0" encoding="UTF-8"?>
<testsuite xmlns:xsi="http://www.w3.org/2001/XMLSchema-instance" xsi:schemaLocation="https://maven.apache.org/surefire/maven-surefire-plugin/xsd/surefire-test-report.xsd" name="com.aws.codestar.silkroute.DAO.UserDAOTest" time="17.254" tests="8" errors="8" skipped="0" failures="0">
  <properties>
    <property name="java.runtime.name" value="Java(TM) SE Runtime Environment"/>
    <property name="sun.boot.library.path" value="C:\Program Files\Java\jdk1.8.0_161\jre\bin"/>
    <property name="java.vm.version" value="25.161-b12"/>
    <property name="java.vm.vendor" value="Oracle Corporation"/>
    <property name="maven.multiModuleProjectDirectory" value="C:\Users\Tristan\Documents\Codes\Java\Java_Apps\TheSilkRoute"/>
    <property name="java.vendor.url" value="http://java.oracle.com/"/>
    <property name="path.separator" value=";"/>
    <property name="guice.disable.misplaced.annotation.check" value="true"/>
    <property name="java.vm.name" value="Java HotSpot(TM) 64-Bit Server VM"/>
    <property name="file.encoding.pkg" value="sun.io"/>
    <property name="user.script" value=""/>
    <property name="user.country" value="US"/>
    <property name="sun.java.launcher" value="SUN_STANDARD"/>
    <property name="sun.os.patch.level" value=""/>
    <property name="java.vm.specification.name" value="Java Virtual Machine Specification"/>
    <property name="user.dir" value="C:\Users\Tristan\Documents\Codes\Java\Java_Apps\TheSilkRoute"/>
    <property name="java.runtime.version" value="1.8.0_161-b12"/>
    <property name="java.awt.graphicsenv" value="sun.awt.Win32GraphicsEnvironment"/>
    <property name="java.endorsed.dirs" value="C:\Program Files\Java\jdk1.8.0_161\jre\lib\endorsed"/>
    <property name="os.arch" value="amd64"/>
    <property name="java.io.tmpdir" value="C:\Users\Tristan\AppData\Local\Temp\"/>
    <property name="line.separator" value="&#10;"/>
    <property name="java.vm.specification.vendor" value="Oracle Corporation"/>
    <property name="user.variant" value=""/>
    <property name="os.name" value="Windows 10"/>
    <property name="classworlds.conf" value="C:\Users\Tristan\Documents\Codes\Development\Java_Apps\.metadata\.plugins\org.eclipse.m2e.launching\launches\m2conf5980335832931556919.tmp"/>
    <property name="sun.jnu.encoding" value="Cp1252"/>
    <property name="java.library.path" value="C:\Program Files\Java\jdk1.8.0_161\bin;C:\WINDOWS\Sun\Java\bin;C:\WINDOWS\system32;C:\WINDOWS;C:/Program Files/Java/jre1.8.0_181/bin/server;C:/Program Files/Java/jre1.8.0_181/bin;C:/Program Files/Java/jre1.8.0_181/lib/amd64;C:\Program Files (x86)\Common Files\Oracle\Java\javapath;C:\oraclexe\app\oracle\product\11.2.0\server\bin;;C:\app\OCAdmin\product\12.1.0\dbhome_1\bin;C:\ProgramData\Oracle\Java\javapath;C:\WINDOWS\system32;C:\WINDOWS;C:\WINDOWS\System32\Wbem;C:\WINDOWS\System32\WindowsPowerShell\v1.0\;C:\Program Files\PuTTY\;C:\ProgramData\chocolatey\bin;C:\Program Files (x86)\Windows Kits\10\Windows Performance Toolkit\;C:\Program Files\Microsoft SQL Server\130\Tools\Binn\;C:\Program Files (x86)\Brackets\command;C:\Program Files\CMake\bin;C:\Program Files\Java\jdk1.8.0_161\bin\;C:\Users\Tristan\Documents\Codes\Assembly\Masm615;;C:\WINDOWS\System32\OpenSSH\;C:\Program Files\Microsoft VS Code\bin;C:\Ruby24-x64\bin;C:\Users\Tristan\AppData\Local\Programs\Python\Python36-32\Scripts\;C:\Users\Tristan\AppData\Local\Programs\Python\Python36-32\;C:\Users\Tristan\AppData\Local\Microsoft\WindowsApps;C:\Users\Tristan\AppData\Local\GitHubDesktop\bin;C:\Program Files\Microsoft VS Code\bin;C:\Users\Tristan\AppData\Local\Microsoft\WindowsApps;;C:\Users\Tristan\AppData\Local\Programs\Microsoft VS Code\bin;C:\Program Files\eclipse;;."/>
    <property name="java.specification.name" value="Java Platform API Specification"/>
    <property name="java.class.version" value="52.0"/>
    <property name="sun.management.compiler" value="HotSpot 64-Bit Tiered Compilers"/>
    <property name="os.version" value="10.0"/>
    <property name="user.home" value="C:\Users\Tristan"/>
    <property name="user.timezone" value="America/New_York"/>
    <property name="java.awt.printerjob" value="sun.awt.windows.WPrinterJob"/>
    <property name="java.specification.version" value="1.8"/>
    <property name="file.encoding" value="Cp1252"/>
    <property name="user.name" value="Tristan"/>
    <property name="java.class.path" value="C:\Program Files\eclipse\plugins\org.eclipse.m2e.maven.runtime_1.9.0.20180606-2035\jars\plexus-classworlds-2.5.2.jar"/>
    <property name="java.vm.specification.version" value="1.8"/>
    <property name="sun.arch.data.model" value="64"/>
    <property name="java.home" value="C:\Program Files\Java\jdk1.8.0_161\jre"/>
    <property name="sun.java.command" value="org.codehaus.plexus.classworlds.launcher.Launcher -B install"/>
    <property name="java.specification.vendor" value="Oracle Corporation"/>
    <property name="user.language" value="en"/>
    <property name="awt.toolkit" value="sun.awt.windows.WToolkit"/>
    <property name="java.vm.info" value="mixed mode"/>
    <property name="java.version" value="1.8.0_161"/>
    <property name="java.ext.dirs" value="C:\Program Files\Java\jdk1.8.0_161\jre\lib\ext;C:\WINDOWS\Sun\Java\lib\ext"/>
    <property name="sun.boot.class.path" value="C:\Program Files\Java\jdk1.8.0_161\jre\lib\resources.jar;C:\Program Files\Java\jdk1.8.0_161\jre\lib\rt.jar;C:\Program Files\Java\jdk1.8.0_161\jre\lib\sunrsasign.jar;C:\Program Files\Java\jdk1.8.0_161\jre\lib\jsse.jar;C:\Program Files\Java\jdk1.8.0_161\jre\lib\jce.jar;C:\Program Files\Java\jdk1.8.0_161\jre\lib\charsets.jar;C:\Program Files\Java\jdk1.8.0_161\jre\lib\jfr.jar;C:\Program Files\Java\jdk1.8.0_161\jre\classes"/>
    <property name="java.vendor" value="Oracle Corporation"/>
    <property name="maven.home" value="C:\Users\Tristan\Documents\Codes\Java\Java_Apps\TheSilkRoute\EMBEDDED"/>
    <property name="file.separator" value="\"/>
    <property name="java.vendor.url.bug" value="http://bugreport.sun.com/bugreport/"/>
    <property name="sun.cpu.endian" value="little"/>
    <property name="sun.io.unicode.encoding" value="UnicodeLittle"/>
    <property name="sun.desktop" value="windows"/>
    <property name="sun.cpu.isalist" value="amd64"/>
  </properties>
  <testcase name="testGetUserByEmail" classname="com.aws.codestar.silkroute.DAO.UserDAOTest" time="1.786">
    <error type="java.lang.NullPointerException">java.lang.NullPointerException
	at com.aws.codestar.silkroute.DAO.UserDAOTest.testGetUserByEmail(UserDAOTest.java:55)
</error>
  </testcase>
  <testcase name="testDeactivateUserById" classname="com.aws.codestar.silkroute.DAO.UserDAOTest" time="2.245">
    <error type="java.lang.NullPointerException">java.lang.NullPointerException
	at com.aws.codestar.silkroute.DAO.UserDAOTest.testDeactivateUserById(UserDAOTest.java:110)
</error>
  </testcase>
  <testcase name="testGetAllUsers" classname="com.aws.codestar.silkroute.DAO.UserDAOTest" time="2.2">
    <error type="java.lang.NullPointerException">java.lang.NullPointerException
	at com.aws.codestar.silkroute.DAO.UserDAOTest.testGetAllUsers(UserDAOTest.java:83)
</error>
  </testcase>
  <testcase name="testAdminGetAllUsers" classname="com.aws.codestar.silkroute.DAO.UserDAOTest" time="2.175">
    <error type="java.lang.NullPointerException">java.lang.NullPointerException
	at com.aws.codestar.silkroute.DAO.UserDAOTest.testAdminGetAllUsers(UserDAOTest.java:71)
</error>
  </testcase>
  <testcase name="testCreateUser" classname="com.aws.codestar.silkroute.DAO.UserDAOTest" time="2.237">
    <error type="java.lang.NullPointerException">java.lang.NullPointerException
	at com.aws.codestar.silkroute.DAO.UserDAOTest.testCreateUser(UserDAOTest.java:44)
</error>
  </testcase>
  <testcase name="testDeleteUser" classname="com.aws.codestar.silkroute.DAO.UserDAOTest" time="2.201">
    <error type="java.lang.NullPointerException">java.lang.NullPointerException
	at com.aws.codestar.silkroute.DAO.UserDAOTest.testDeleteUser(UserDAOTest.java:93)
</error>
  </testcase>
  <testcase name="testGetUserById" classname="com.aws.codestar.silkroute.DAO.UserDAOTest" time="2.197">
    <error type="java.lang.NullPointerException">java.lang.NullPointerException
	at com.aws.codestar.silkroute.DAO.UserDAOTest.testGetUserById(UserDAOTest.java:101)
</error>
  </testcase>
  <testcase name="testReactivateUserById" classname="com.aws.codestar.silkroute.DAO.UserDAOTest" time="2.202">
    <error type="java.lang.NullPointerException">java.lang.NullPointerException
	at com.aws.codestar.silkroute.DAO.UserDAOTest.testReactivateUserById(UserDAOTest.java:117)
</error>
  </testcase>
</testsuite>